INFO:root:-- Object Constructed
2020-12-16 16:11:56,894 -- Song Factory Object Constructed for songId: 123
2020-12-16 16:11:56,895 -- Song Factory Object Constructed for songId: 234
2020-12-16 16:11:56,895 -- Song Factory Object Constructed for songId: 345
2020-12-16 16:11:56,895 -- JSON Factory Object Serialized for songId: 123
2020-12-16 16:25:59,105 -- Song Conditional Object Constructed for songId: 123
2020-12-16 16:25:59,105 -- Song Conditional Object Constructed for songId: 234
2020-12-16 16:25:59,106 -- Song Conditional Object Constructed for songId: 345
2020-12-16 16:25:59,106 -- JSON Conditional Object Serialized for songId: 123
2020-12-16 16:25:59,106 -- JSON Conditional Object Serialized for songId: 234
2020-12-16 16:25:59,106 -- XML Conditional Object Serialized for songId: 234
2020-12-16 16:25:59,106 -- XML Conditional Object Serialized for songId: 345
2020-12-16 16:25:59,106 -- Song Refactored Object Constructed for songId: 123
2020-12-16 16:25:59,106 -- Song Refactored Object Constructed for songId: 234
2020-12-16 16:25:59,106 -- Song Refactored Object Constructed for songId: 345
2020-12-16 16:25:59,106 -- JSON Refactored Object Serialized for songId: 123
2020-12-16 16:25:59,106 -- JSON Refactored Object Serialized for songId: 234
2020-12-16 16:25:59,106 -- JSON Refactored Object Serialized for songId: 345
2020-12-16 16:26:18,242 -- Song Conditional Object Constructed for songId: 123
2020-12-16 16:26:18,243 -- Song Conditional Object Constructed for songId: 234
2020-12-16 16:26:18,243 -- Song Conditional Object Constructed for songId: 345
2020-12-16 16:26:18,243 -- JSON Conditional Object Serialized for songId: 123
2020-12-16 16:26:18,243 -- JSON Conditional Object Serialized for songId: 234
2020-12-16 16:26:18,243 -- XML Conditional Object Serialized for songId: 234
2020-12-16 16:26:18,243 -- XML Conditional Object Serialized for songId: 345
2020-12-16 16:26:18,243 -- Song Refactored Object Constructed for songId: 123
2020-12-16 16:26:18,243 -- Song Refactored Object Constructed for songId: 234
2020-12-16 16:26:18,243 -- Song Refactored Object Constructed for songId: 345
2020-12-16 16:26:18,243 -- JSON Refactored Object Serialized for songId: 123
2020-12-16 16:26:18,243 -- JSON Refactored Object Serialized for songId: 234
2020-12-16 16:26:18,244 -- JSON Refactored Object Serialized for songId: 345
2020-12-16 16:26:18,569 -- Song Conditional Object Constructed for songId: 123
2020-12-16 16:26:18,569 -- Song Conditional Object Constructed for songId: 234
2020-12-16 16:26:18,569 -- Song Conditional Object Constructed for songId: 345
2020-12-16 16:26:18,569 -- JSON Conditional Object Serialized for songId: 123
2020-12-16 16:26:18,569 -- JSON Conditional Object Serialized for songId: 234
2020-12-16 16:26:18,569 -- XML Conditional Object Serialized for songId: 234
2020-12-16 16:26:18,570 -- XML Conditional Object Serialized for songId: 345
2020-12-16 16:26:18,570 -- Song Refactored Object Constructed for songId: 123
2020-12-16 16:26:18,570 -- Song Refactored Object Constructed for songId: 234
2020-12-16 16:26:18,570 -- Song Refactored Object Constructed for songId: 345
2020-12-16 16:26:18,570 -- JSON Refactored Object Serialized for songId: 123
2020-12-16 16:26:18,570 -- JSON Refactored Object Serialized for songId: 234
2020-12-16 16:26:18,570 -- JSON Refactored Object Serialized for songId: 345
2020-12-16 16:26:18,859 -- Song Conditional Object Constructed for songId: 123
2020-12-16 16:26:18,859 -- Song Conditional Object Constructed for songId: 234
2020-12-16 16:26:18,859 -- Song Conditional Object Constructed for songId: 345
2020-12-16 16:26:18,859 -- JSON Conditional Object Serialized for songId: 123
2020-12-16 16:26:18,859 -- JSON Conditional Object Serialized for songId: 234
2020-12-16 16:26:18,860 -- XML Conditional Object Serialized for songId: 234
2020-12-16 16:26:18,860 -- XML Conditional Object Serialized for songId: 345
2020-12-16 16:26:18,860 -- Song Refactored Object Constructed for songId: 123
2020-12-16 16:26:18,860 -- Song Refactored Object Constructed for songId: 234
2020-12-16 16:26:18,860 -- Song Refactored Object Constructed for songId: 345
2020-12-16 16:26:18,860 -- JSON Refactored Object Serialized for songId: 123
2020-12-16 16:26:18,860 -- JSON Refactored Object Serialized for songId: 234
2020-12-16 16:26:18,860 -- JSON Refactored Object Serialized for songId: 345
2020-12-16 16:26:45,380 -- Song Conditional Object Constructed for songId: 123
2020-12-16 16:26:45,380 -- Song Conditional Object Constructed for songId: 234
2020-12-16 16:26:45,380 -- Song Conditional Object Constructed for songId: 345
2020-12-16 16:26:45,380 -- JSON Conditional Object Serialized for songId: 123
2020-12-16 16:26:45,380 -- JSON Conditional Object Serialized for songId: 234
2020-12-16 16:26:45,380 -- XML Conditional Object Serialized for songId: 234
2020-12-16 16:26:45,380 -- XML Conditional Object Serialized for songId: 345
2020-12-16 16:26:45,380 -- Song Refactored Object Constructed for songId: 123
2020-12-16 16:26:45,380 -- Song Refactored Object Constructed for songId: 234
2020-12-16 16:26:45,380 -- Song Refactored Object Constructed for songId: 345
2020-12-16 16:26:45,380 -- JSON Refactored Object Serialized for songId: 123
2020-12-16 16:26:45,380 -- JSON Refactored Object Serialized for songId: 234
2020-12-16 16:26:45,381 -- JSON Refactored Object Serialized for songId: 345
2020-12-16 16:26:57,709 -- Song Conditional Object Constructed for songId: 123
2020-12-16 16:26:57,709 -- Song Conditional Object Constructed for songId: 234
2020-12-16 16:26:57,709 -- Song Conditional Object Constructed for songId: 345
2020-12-16 16:26:57,709 -- JSON Conditional Object Serialized for songId: 123
2020-12-16 16:26:57,709 -- JSON Conditional Object Serialized for songId: 234
2020-12-16 16:26:57,709 -- XML Conditional Object Serialized for songId: 234
2020-12-16 16:26:57,709 -- XML Conditional Object Serialized for songId: 345
2020-12-16 16:26:57,709 -- Song Refactored Object Constructed for songId: 123
2020-12-16 16:26:57,709 -- Song Refactored Object Constructed for songId: 234
2020-12-16 16:26:57,709 -- Song Refactored Object Constructed for songId: 345
2020-12-16 16:26:57,710 -- JSON Refactored Object Serialized for songId: 123
2020-12-16 16:26:57,710 -- JSON Refactored Object Serialized for songId: 234
2020-12-16 16:26:57,710 -- JSON Refactored Object Serialized for songId: 345
2020-12-16 16:26:58,058 -- Song Conditional Object Constructed for songId: 123
2020-12-16 16:26:58,058 -- Song Conditional Object Constructed for songId: 234
2020-12-16 16:26:58,058 -- Song Conditional Object Constructed for songId: 345
2020-12-16 16:26:58,058 -- JSON Conditional Object Serialized for songId: 123
2020-12-16 16:26:58,058 -- JSON Conditional Object Serialized for songId: 234
2020-12-16 16:26:58,058 -- XML Conditional Object Serialized for songId: 234
2020-12-16 16:26:58,058 -- XML Conditional Object Serialized for songId: 345
2020-12-16 16:26:58,058 -- Song Refactored Object Constructed for songId: 123
2020-12-16 16:26:58,058 -- Song Refactored Object Constructed for songId: 234
2020-12-16 16:26:58,058 -- Song Refactored Object Constructed for songId: 345
2020-12-16 16:26:58,058 -- JSON Refactored Object Serialized for songId: 123
2020-12-16 16:26:58,059 -- JSON Refactored Object Serialized for songId: 234
2020-12-16 16:26:58,059 -- JSON Refactored Object Serialized for songId: 345
2020-12-16 16:26:58,311 -- Song Conditional Object Constructed for songId: 123
2020-12-16 16:26:58,311 -- Song Conditional Object Constructed for songId: 234
2020-12-16 16:26:58,311 -- Song Conditional Object Constructed for songId: 345
2020-12-16 16:26:58,311 -- JSON Conditional Object Serialized for songId: 123
2020-12-16 16:26:58,311 -- JSON Conditional Object Serialized for songId: 234
2020-12-16 16:26:58,311 -- XML Conditional Object Serialized for songId: 234
2020-12-16 16:26:58,312 -- XML Conditional Object Serialized for songId: 345
2020-12-16 16:26:58,312 -- Song Refactored Object Constructed for songId: 123
2020-12-16 16:26:58,312 -- Song Refactored Object Constructed for songId: 234
2020-12-16 16:26:58,312 -- Song Refactored Object Constructed for songId: 345
2020-12-16 16:26:58,312 -- JSON Refactored Object Serialized for songId: 123
2020-12-16 16:26:58,313 -- JSON Refactored Object Serialized for songId: 234
2020-12-16 16:26:58,313 -- JSON Refactored Object Serialized for songId: 345
2020-12-16 16:26:58,499 -- Song Conditional Object Constructed for songId: 123
2020-12-16 16:26:58,499 -- Song Conditional Object Constructed for songId: 234
2020-12-16 16:26:58,499 -- Song Conditional Object Constructed for songId: 345
2020-12-16 16:26:58,499 -- JSON Conditional Object Serialized for songId: 123
2020-12-16 16:26:58,499 -- JSON Conditional Object Serialized for songId: 234
2020-12-16 16:26:58,499 -- XML Conditional Object Serialized for songId: 234
2020-12-16 16:26:58,499 -- XML Conditional Object Serialized for songId: 345
2020-12-16 16:26:58,499 -- Song Refactored Object Constructed for songId: 123
2020-12-16 16:26:58,499 -- Song Refactored Object Constructed for songId: 234
2020-12-16 16:26:58,499 -- Song Refactored Object Constructed for songId: 345
2020-12-16 16:26:58,499 -- JSON Refactored Object Serialized for songId: 123
2020-12-16 16:26:58,499 -- JSON Refactored Object Serialized for songId: 234
2020-12-16 16:26:58,499 -- JSON Refactored Object Serialized for songId: 345
2020-12-16 16:26:58,728 -- Song Conditional Object Constructed for songId: 123
2020-12-16 16:26:58,729 -- Song Conditional Object Constructed for songId: 234
2020-12-16 16:26:58,729 -- Song Conditional Object Constructed for songId: 345
2020-12-16 16:26:58,729 -- JSON Conditional Object Serialized for songId: 123
2020-12-16 16:26:58,729 -- JSON Conditional Object Serialized for songId: 234
2020-12-16 16:26:58,729 -- XML Conditional Object Serialized for songId: 234
2020-12-16 16:26:58,729 -- XML Conditional Object Serialized for songId: 345
2020-12-16 16:26:58,729 -- Song Refactored Object Constructed for songId: 123
2020-12-16 16:26:58,729 -- Song Refactored Object Constructed for songId: 234
2020-12-16 16:26:58,729 -- Song Refactored Object Constructed for songId: 345
2020-12-16 16:26:58,729 -- JSON Refactored Object Serialized for songId: 123
2020-12-16 16:26:58,729 -- JSON Refactored Object Serialized for songId: 234
2020-12-16 16:26:58,729 -- JSON Refactored Object Serialized for songId: 345
2020-12-16 16:27:14,023 -- Song Conditional Object Constructed for songId: 123
2020-12-16 16:27:14,023 -- Song Conditional Object Constructed for songId: 234
2020-12-16 16:27:14,023 -- Song Conditional Object Constructed for songId: 345
2020-12-16 16:27:14,023 -- JSON Conditional Object Serialized for songId: 123
2020-12-16 16:27:14,023 -- JSON Conditional Object Serialized for songId: 234
2020-12-16 16:27:14,023 -- XML Conditional Object Serialized for songId: 234
2020-12-16 16:27:14,024 -- XML Conditional Object Serialized for songId: 345
